# JRE version: OpenJDK Runtime Environment Temurin-17.0.12+7 (17.0.12+7) (build 17.0.12+7)
# Java VM: OpenJDK 64-Bit Server VM Temurin-17.0.12+7 (17.0.12+7, mixed mode, tiered, compressed oops, compressed class ptrs, parallel gc, windows-amd64)
GC Precious Log:
 CPUs: 6 total, 6 available
 Memory: 16328M
 Large Page Support: Disabled
 NUMA Support: Disabled
 Compressed Oops: Enabled (32-bit)
 Alignments: Space 512K, Generation 512K, Heap 2M
 Heap Min Capacity: 100M
 Heap Initial Capacity: 100M
 Heap Max Capacity: 1G
 Pre-touch: Disabled
 Parallel Workers: 6
Heap:
 PSYoungGen      total 23040K, used 5796K [0x00000000eab00000, 0x00000000ec800000, 0x0000000100000000)
  eden space 16384K, 35% used [0x00000000eab00000,0x00000000eb0a9178,0x00000000ebb00000)
  from space 6656K, 0% used [0x00000000ec180000,0x00000000ec180000,0x00000000ec800000)
  to   space 6656K, 0% used [0x00000000ebb00000,0x00000000ebb00000,0x00000000ec180000)
 ParOldGen       total 81408K, used 50244K [0x00000000c0000000, 0x00000000c4f80000, 0x00000000eab00000)
  object space 81408K, 61% used [0x00000000c0000000,0x00000000c31113d0,0x00000000c4f80000)
 Metaspace       used 70381K, committed 71744K, reserved 1114112K
  class space    used 7417K, committed 8064K, reserved 1048576K
GC Heap History (20 events):
Event: 29.487 GC heap before
{Heap before GC invocations=50 (full 3):
 PSYoungGen      total 17408K, used 17408K [0x00000000eab00000, 0x00000000ec200000, 0x0000000100000000)
  eden space 16384K, 100% used [0x00000000eab00000,0x00000000ebb00000,0x00000000ebb00000)
  from space 1024K, 100% used [0x00000000ebe00000,0x00000000ebf00000,0x00000000ebf00000)
  to   space 3072K, 0% used [0x00000000ebb00000,0x00000000ebb00000,0x00000000ebe00000)
 ParOldGen       total 68608K, used 56527K [0x00000000c0000000, 0x00000000c4300000, 0x00000000eab00000)
  object space 68608K, 82% used [0x00000000c0000000,0x00000000c3733c18,0x00000000c4300000)
 Metaspace       used 65576K, committed 66752K, reserved 1114112K
  class space    used 6866K, committed 7360K, reserved 1048576K
}
Event: 29.489 GC heap after
{Heap after GC invocations=50 (full 3):
 PSYoungGen      total 17920K, used 1344K [0x00000000eab00000, 0x00000000ebf00000, 0x0000000100000000)
  eden space 16384K, 0% used [0x00000000eab00000,0x00000000eab00000,0x00000000ebb00000)
  from space 1536K, 87% used [0x00000000ebb00000,0x00000000ebc50000,0x00000000ebc80000)
  to   space 2048K, 0% used [0x00000000ebd00000,0x00000000ebd00000,0x00000000ebf00000)
 ParOldGen       total 68608K, used 57335K [0x00000000c0000000, 0x00000000c4300000, 0x00000000eab00000)
  object space 68608K, 83% used [0x00000000c0000000,0x00000000c37fdc28,0x00000000c4300000)
 Metaspace       used 65576K, committed 66752K, reserved 1114112K
  class space    used 6866K, committed 7360K, reserved 1048576K
}
Event: 29.864 GC heap before
{Heap before GC invocations=51 (full 3):
 PSYoungGen      total 17920K, used 17728K [0x00000000eab00000, 0x00000000ebf00000, 0x0000000100000000)
  eden space 16384K, 100% used [0x00000000eab00000,0x00000000ebb00000,0x00000000ebb00000)
  from space 1536K, 87% used [0x00000000ebb00000,0x00000000ebc50000,0x00000000ebc80000)
  to   space 2048K, 0% used [0x00000000ebd00000,0x00000000ebd00000,0x00000000ebf00000)
 ParOldGen       total 68608K, used 57335K [0x00000000c0000000, 0x00000000c4300000, 0x00000000eab00000)
  object space 68608K, 83% used [0x00000000c0000000,0x00000000c37fdc28,0x00000000c4300000)
 Metaspace       used 65667K, committed 66816K, reserved 1114112K
  class space    used 6869K, committed 7360K, reserved 1048576K
}
Event: 29.865 GC heap after
{Heap after GC invocations=51 (full 3):
 PSYoungGen      total 18432K, used 1600K [0x00000000eab00000, 0x00000000ebf00000, 0x0000000100000000)
  eden space 16384K, 0% used [0x00000000eab00000,0x00000000eab00000,0x00000000ebb00000)
  from space 2048K, 78% used [0x00000000ebd00000,0x00000000ebe90000,0x00000000ebf00000)
  to   space 2048K, 0% used [0x00000000ebb00000,0x00000000ebb00000,0x00000000ebd00000)
 ParOldGen       total 68608K, used 58255K [0x00000000c0000000, 0x00000000c4300000, 0x00000000eab00000)
  object space 68608K, 84% used [0x00000000c0000000,0x00000000c38e3c28,0x00000000c4300000)
 Metaspace       used 65667K, committed 66816K, reserved 1114112K
  class space    used 6869K, committed 7360K, reserved 1048576K
}
Event: 30.376 GC heap before
{Heap before GC invocations=52 (full 3):
 PSYoungGen      total 18432K, used 17984K [0x00000000eab00000, 0x00000000ebf00000, 0x0000000100000000)
  eden space 16384K, 100% used [0x00000000eab00000,0x00000000ebb00000,0x00000000ebb00000)
  from space 2048K, 78% used [0x00000000ebd00000,0x00000000ebe90000,0x00000000ebf00000)
  to   space 2048K, 0% used [0x00000000ebb00000,0x00000000ebb00000,0x00000000ebd00000)
 ParOldGen       total 68608K, used 58255K [0x00000000c0000000, 0x00000000c4300000, 0x00000000eab00000)
  object space 68608K, 84% used [0x00000000c0000000,0x00000000c38e3c28,0x00000000c4300000)
 Metaspace       used 66363K, committed 67520K, reserved 1114112K
  class space    used 6961K, committed 7488K, reserved 1048576K
}
Event: 30.377 GC heap after
{Heap after GC invocations=52 (full 3):
 PSYoungGen      total 18432K, used 1664K [0x00000000eab00000, 0x00000000ebf00000, 0x0000000100000000)
  eden space 16384K, 0% used [0x00000000eab00000,0x00000000eab00000,0x00000000ebb00000)
  from space 2048K, 81% used [0x00000000ebb00000,0x00000000ebca0020,0x00000000ebd00000)
  to   space 2048K, 0% used [0x00000000ebd00000,0x00000000ebd00000,0x00000000ebf00000)
 ParOldGen       total 68608K, used 59758K [0x00000000c0000000, 0x00000000c4300000, 0x00000000eab00000)
  object space 68608K, 87% used [0x00000000c0000000,0x00000000c3a5b9d8,0x00000000c4300000)
 Metaspace       used 66363K, committed 67520K, reserved 1114112K
  class space    used 6961K, committed 7488K, reserved 1048576K
}
Event: 30.783 GC heap before
{Heap before GC invocations=53 (full 3):
 PSYoungGen      total 18432K, used 18048K [0x00000000eab00000, 0x00000000ebf00000, 0x0000000100000000)
  eden space 16384K, 100% used [0x00000000eab00000,0x00000000ebb00000,0x00000000ebb00000)
  from space 2048K, 81% used [0x00000000ebb00000,0x00000000ebca0020,0x00000000ebd00000)
  to   space 2048K, 0% used [0x00000000ebd00000,0x00000000ebd00000,0x00000000ebf00000)
 ParOldGen       total 68608K, used 59758K [0x00000000c0000000, 0x00000000c4300000, 0x00000000eab00000)
  object space 68608K, 87% used [0x00000000c0000000,0x00000000c3a5b9d8,0x00000000c4300000)
 Metaspace       used 67236K, committed 68480K, reserved 1114112K
  class space    used 7049K, committed 7680K, reserved 1048576K
}
Event: 30.785 GC heap after
{Heap after GC invocations=53 (full 3):
 PSYoungGen      total 17408K, used 602K [0x00000000eab00000, 0x00000000ebe00000, 0x0000000100000000)
  eden space 16384K, 0% used [0x00000000eab00000,0x00000000eab00000,0x00000000ebb00000)
  from space 1024K, 58% used [0x00000000ebd00000,0x00000000ebd968c8,0x00000000ebe00000)
  to   space 1024K, 0% used [0x00000000ebc00000,0x00000000ebc00000,0x00000000ebd00000)
 ParOldGen       total 68608K, used 60459K [0x00000000c0000000, 0x00000000c4300000, 0x00000000eab00000)
  object space 68608K, 88% used [0x00000000c0000000,0x00000000c3b0acd0,0x00000000c4300000)
 Metaspace       used 67236K, committed 68480K, reserved 1114112K
  class space    used 7049K, committed 7680K, reserved 1048576K
}
Event: 32.256 GC heap before
{Heap before GC invocations=54 (full 3):
 PSYoungGen      total 17408K, used 16651K [0x00000000eab00000, 0x00000000ebe00000, 0x0000000100000000)
  eden space 16384K, 97% used [0x00000000eab00000,0x00000000ebaac420,0x00000000ebb00000)
  from space 1024K, 58% used [0x00000000ebd00000,0x00000000ebd968c8,0x00000000ebe00000)
  to   space 1024K, 0% used [0x00000000ebc00000,0x00000000ebc00000,0x00000000ebd00000)
 ParOldGen       total 68608K, used 60459K [0x00000000c0000000, 0x00000000c4300000, 0x00000000eab00000)
  object space 68608K, 88% used [0x00000000c0000000,0x00000000c3b0acd0,0x00000000c4300000)
 Metaspace       used 68627K, committed 69952K, reserved 1114112K
  class space    used 7195K, committed 7808K, reserved 1048576K
}
Event: 32.258 GC heap after
{Heap after GC invocations=54 (full 3):
 PSYoungGen      total 17408K, used 807K [0x00000000eab00000, 0x00000000ebd80000, 0x0000000100000000)
  eden space 16384K, 0% used [0x00000000eab00000,0x00000000eab00000,0x00000000ebb00000)
  from space 1024K, 78% used [0x00000000ebc00000,0x00000000ebcc9ff8,0x00000000ebd00000)
  to   space 512K, 0% used [0x00000000ebd00000,0x00000000ebd00000,0x00000000ebd80000)
 ParOldGen       total 68608K, used 60975K [0x00000000c0000000, 0x00000000c4300000, 0x00000000eab00000)
  object space 68608K, 88% used [0x00000000c0000000,0x00000000c3b8bce0,0x00000000c4300000)
 Metaspace       used 68627K, committed 69952K, reserved 1114112K
  class space    used 7195K, committed 7808K, reserved 1048576K
}
Event: 32.647 GC heap before
{Heap before GC invocations=55 (full 3):
 PSYoungGen      total 17408K, used 17191K [0x00000000eab00000, 0x00000000ebd80000, 0x0000000100000000)
  eden space 16384K, 100% used [0x00000000eab00000,0x00000000ebb00000,0x00000000ebb00000)
  from space 1024K, 78% used [0x00000000ebc00000,0x00000000ebcc9ff8,0x00000000ebd00000)
  to   space 512K, 0% used [0x00000000ebd00000,0x00000000ebd00000,0x00000000ebd80000)
 ParOldGen       total 68608K, used 60975K [0x00000000c0000000, 0x00000000c4300000, 0x00000000eab00000)
  object space 68608K, 88% used [0x00000000c0000000,0x00000000c3b8bce0,0x00000000c4300000)
 Metaspace       used 68795K, committed 70080K, reserved 1114112K
  class space    used 7208K, committed 7808K, reserved 1048576K
}
Event: 32.649 GC heap after
{Heap after GC invocations=55 (full 3):
 PSYoungGen      total 16896K, used 410K [0x00000000eab00000, 0x00000000ebd80000, 0x0000000100000000)
  eden space 16384K, 0% used [0x00000000eab00000,0x00000000eab00000,0x00000000ebb00000)
  from space 512K, 80% used [0x00000000ebd00000,0x00000000ebd66900,0x00000000ebd80000)
  to   space 1024K, 0% used [0x00000000ebb80000,0x00000000ebb80000,0x00000000ebc80000)
 ParOldGen       total 68608K, used 61568K [0x00000000c0000000, 0x00000000c4300000, 0x00000000eab00000)
  object space 68608K, 89% used [0x00000000c0000000,0x00000000c3c203f0,0x00000000c4300000)
 Metaspace       used 68795K, committed 70080K, reserved 1114112K
  class space    used 7208K, committed 7808K, reserved 1048576K
}
Event: 33.086 GC heap before
{Heap before GC invocations=56 (full 3):
 PSYoungGen      total 16896K, used 16794K [0x00000000eab00000, 0x00000000ebd80000, 0x0000000100000000)
  eden space 16384K, 100% used [0x00000000eab00000,0x00000000ebb00000,0x00000000ebb00000)
  from space 512K, 80% used [0x00000000ebd00000,0x00000000ebd66900,0x00000000ebd80000)
  to   space 1024K, 0% used [0x00000000ebb80000,0x00000000ebb80000,0x00000000ebc80000)
 ParOldGen       total 68608K, used 61568K [0x00000000c0000000, 0x00000000c4300000, 0x00000000eab00000)
  object space 68608K, 89% used [0x00000000c0000000,0x00000000c3c203f0,0x00000000c4300000)
 Metaspace       used 68866K, committed 70144K, reserved 1114112K
  class space    used 7209K, committed 7808K, reserved 1048576K
}
Event: 33.087 GC heap after
{Heap after GC invocations=56 (full 3):
 PSYoungGen      total 17408K, used 224K [0x00000000eab00000, 0x00000000ebd80000, 0x0000000100000000)
  eden space 16384K, 0% used [0x00000000eab00000,0x00000000eab00000,0x00000000ebb00000)
  from space 1024K, 21% used [0x00000000ebb80000,0x00000000ebbb8000,0x00000000ebc80000)
  to   space 512K, 0% used [0x00000000ebd00000,0x00000000ebd00000,0x00000000ebd80000)
 ParOldGen       total 68608K, used 61781K [0x00000000c0000000, 0x00000000c4300000, 0x00000000eab00000)
  object space 68608K, 90% used [0x00000000c0000000,0x00000000c3c555f0,0x00000000c4300000)
 Metaspace       used 68866K, committed 70144K, reserved 1114112K
  class space    used 7209K, committed 7808K, reserved 1048576K
}
Event: 33.860 GC heap before
{Heap before GC invocations=57 (full 3):
 PSYoungGen      total 17408K, used 16608K [0x00000000eab00000, 0x00000000ebd80000, 0x0000000100000000)
  eden space 16384K, 100% used [0x00000000eab00000,0x00000000ebb00000,0x00000000ebb00000)
  from space 1024K, 21% used [0x00000000ebb80000,0x00000000ebbb8000,0x00000000ebc80000)
  to   space 512K, 0% used [0x00000000ebd00000,0x00000000ebd00000,0x00000000ebd80000)
 ParOldGen       total 68608K, used 61781K [0x00000000c0000000, 0x00000000c4300000, 0x00000000eab00000)
  object space 68608K, 90% used [0x00000000c0000000,0x00000000c3c555f0,0x00000000c4300000)
 Metaspace       used 69469K, committed 70848K, reserved 1114112K
  class space    used 7301K, committed 7936K, reserved 1048576K
}
Event: 33.863 GC heap after
{Heap after GC invocations=57 (full 3):
 PSYoungGen      total 16896K, used 448K [0x00000000eab00000, 0x00000000ebd80000, 0x0000000100000000)
  eden space 16384K, 0% used [0x00000000eab00000,0x00000000eab00000,0x00000000ebb00000)
  from space 512K, 87% used [0x00000000ebd00000,0x00000000ebd70020,0x00000000ebd80000)
  to   space 512K, 0% used [0x00000000ebc80000,0x00000000ebc80000,0x00000000ebd00000)
 ParOldGen       total 68608K, used 61821K [0x00000000c0000000, 0x00000000c4300000, 0x00000000eab00000)
  object space 68608K, 90% used [0x00000000c0000000,0x00000000c3c5f5f0,0x00000000c4300000)
 Metaspace       used 69469K, committed 70848K, reserved 1114112K
  class space    used 7301K, committed 7936K, reserved 1048576K
}
Event: 34.235 GC heap before
{Heap before GC invocations=58 (full 3):
 PSYoungGen      total 16896K, used 16832K [0x00000000eab00000, 0x00000000ebd80000, 0x0000000100000000)
  eden space 16384K, 100% used [0x00000000eab00000,0x00000000ebb00000,0x00000000ebb00000)
  from space 512K, 87% used [0x00000000ebd00000,0x00000000ebd70020,0x00000000ebd80000)
  to   space 512K, 0% used [0x00000000ebc80000,0x00000000ebc80000,0x00000000ebd00000)
 ParOldGen       total 68608K, used 61821K [0x00000000c0000000, 0x00000000c4300000, 0x00000000eab00000)
  object space 68608K, 90% used [0x00000000c0000000,0x00000000c3c5f5f0,0x00000000c4300000)
 Metaspace       used 70069K, committed 71424K, reserved 1114112K
  class space    used 7367K, committed 8000K, reserved 1048576K
}
Event: 34.242 GC heap after
{Heap after GC invocations=58 (full 3):
 PSYoungGen      total 16896K, used 492K [0x00000000eab00000, 0x00000000ec800000, 0x0000000100000000)
  eden space 16384K, 0% used [0x00000000eab00000,0x00000000eab00000,0x00000000ebb00000)
  from space 512K, 96% used [0x00000000ebc80000,0x00000000ebcfb300,0x00000000ebd00000)
  to   space 6656K, 0% used [0x00000000ec180000,0x00000000ec180000,0x00000000ec800000)
 ParOldGen       total 68608K, used 66901K [0x00000000c0000000, 0x00000000c4300000, 0x00000000eab00000)
  object space 68608K, 97% used [0x00000000c0000000,0x00000000c4155698,0x00000000c4300000)
 Metaspace       used 70069K, committed 71424K, reserved 1114112K
  class space    used 7367K, committed 8000K, reserved 1048576K
}
Event: 34.242 GC heap before
{Heap before GC invocations=59 (full 4):
 PSYoungGen      total 16896K, used 492K [0x00000000eab00000, 0x00000000ec800000, 0x0000000100000000)
  eden space 16384K, 0% used [0x00000000eab00000,0x00000000eab00000,0x00000000ebb00000)
  from space 512K, 96% used [0x00000000ebc80000,0x00000000ebcfb300,0x00000000ebd00000)
  to   space 6656K, 0% used [0x00000000ec180000,0x00000000ec180000,0x00000000ec800000)
 ParOldGen       total 68608K, used 66901K [0x00000000c0000000, 0x00000000c4300000, 0x00000000eab00000)
  object space 68608K, 97% used [0x00000000c0000000,0x00000000c4155698,0x00000000c4300000)
 Metaspace       used 70069K, committed 71424K, reserved 1114112K
  class space    used 7367K, committed 8000K, reserved 1048576K
}
Event: 34.301 GC heap after
{Heap after GC invocations=59 (full 4):
 PSYoungGen      total 23040K, used 0K [0x00000000eab00000, 0x00000000ec800000, 0x0000000100000000)
  eden space 16384K, 0% used [0x00000000eab00000,0x00000000eab00000,0x00000000ebb00000)
  from space 6656K, 0% used [0x00000000ec180000,0x00000000ec180000,0x00000000ec800000)
  to   space 6656K, 0% used [0x00000000ebb00000,0x00000000ebb00000,0x00000000ec180000)
 ParOldGen       total 81408K, used 50244K [0x00000000c0000000, 0x00000000c4f80000, 0x00000000eab00000)
  object space 81408K, 61% used [0x00000000c0000000,0x00000000c31113d0,0x00000000c4f80000)
 Metaspace       used 70069K, committed 71424K, reserved 1114112K
  class space    used 7367K, committed 8000K, reserved 1048576K
}

